[2015-04-07 23:40:22] local.ERROR: exception 'ErrorException' with message 'Undefined variable: status' in /srv/http/nustacks/storage/framework/views/be7a66427940c35f97a95c13d0ec649b:61
Stack trace:
#0 /srv/http/nustacks/storage/framework/views/be7a66427940c35f97a95c13d0ec649b(61): Illuminate\Foundation\Bootstrap\HandleExceptions->handleError(8, 'Undefined varia...', '/srv/http/nusta...', 61, Array)
#1 /srv/http/nustacks/vendor/compiled.php(13738): include('/srv/http/nusta...')
#2 /srv/http/nustacks/vendor/compiled.php(13771): Illuminate\View\Engines\PhpEngine->evaluatePath('/srv/http/nusta...', Array)
#3 /srv/http/nustacks/vendor/compiled.php(13611): Illuminate\View\Engines\CompilerEngine->get('/srv/http/nusta...', Array)
#4 /srv/http/nustacks/vendor/compiled.php(13598): Illuminate\View\View->getContents()
#5 /srv/http/nustacks/vendor/compiled.php(13589): Illuminate\View\View->renderContents()
#6 /srv/http/nustacks/vendor/compiled.php(14684): Illuminate\View\View->render()
#7 /srv/http/nustacks/vendor/compiled.php(14213): Illuminate\Http\Response->setContent(Object(Illuminate\View\View))
#8 /srv/http/nustacks/vendor/compiled.php(7216): Symfony\Component\HttpFoundation\Response->__construct(Object(Illuminate\View\View))
#9 /srv/http/nustacks/vendor/compiled.php(7016): Illuminate\Routing\Router->prepareResponse(Object(Illuminate\Http\Request), Object(Illuminate\View\View))
#10 [internal function]: Illuminate\Routing\Router->Illuminate\Routing\{closure}(Object(Illuminate\Http\Request))
#11 /srv/http/nustacks/vendor/compiled.php(9027): call_user_func(Object(Closure), Object(Illuminate\Http\Request))
#12 [internal function]: Illuminate\Pipeline\Pipeline->Illuminate\Pipeline\{closure}(Object(Illuminate\Http\Request))
#13 /srv/http/nustacks/vendor/compiled.php(9010): call_user_func(Object(Closure), Object(Illuminate\Http\Request))
#14 /srv/http/nustacks/vendor/compiled.php(7017): Illuminate\Pipeline\Pipeline->then(Object(Closure))
#15 /srv/http/nustacks/vendor/compiled.php(7006): Illuminate\Routing\Router->runRouteWithinStack(Object(Illuminate\Routing\Route), Object(Illuminate\Http\Request))
#16 /srv/http/nustacks/vendor/compiled.php(6991): Illuminate\Routing\Router->dispatchToRoute(Object(Illuminate\Http\Request))
#17 /srv/http/nustacks/vendor/compiled.php(1981): Illuminate\Routing\Router->dispatch(Object(Illuminate\Http\Request))
#18 [internal function]: Illuminate\Foundation\Http\Kernel->Illuminate\Foundation\Http\{closure}(Object(Illuminate\Http\Request))
#19 /srv/http/nustacks/vendor/compiled.php(9027): call_user_func(Object(Closure), Object(Illuminate\Http\Request))
#20 /srv/http/nustacks/vendor/compiled.php(2484): Illuminate\Pipeline\Pipeline->Illuminate\Pipeline\{closure}(Object(Illuminate\Http\Request))
#21 /srv/http/nustacks/app/Http/Middleware/VerifyCsrfToken.php(17): Illuminate\Foundation\Http\Middleware\VerifyCsrfToken->handle(Object(Illuminate\Http\Request), Object(Closure))
#22 /srv/http/nustacks/vendor/compiled.php(9019): App\Http\Middleware\VerifyCsrfToken->handle(Object(Illuminate\Http\Request), Object(Closure))
#23 /srv/http/nustacks/vendor/compiled.php(12171): Illuminate\Pipeline\Pipeline->Illuminate\Pipeline\{closure}(Object(Illuminate\Http\Request))
#24 /srv/http/nustacks/vendor/compiled.php(9019): Illuminate\View\Middleware\ShareErrorsFromSession->handle(Object(Illuminate\Http\Request), Object(Closure))
#25 /srv/http/nustacks/vendor/compiled.php(10873): Illuminate\Pipeline\Pipeline->Illuminate\Pipeline\{closure}(Object(Illuminate\Http\Request))
#26 /srv/http/nustacks/vendor/compiled.php(9019): Illuminate\Session\Middleware\StartSession->handle(Object(Illuminate\Http\Request), Object(Closure))
#27 /srv/http/nustacks/vendor/compiled.php(11877): Illuminate\Pipeline\Pipeline->Illuminate\Pipeline\{closure}(Object(Illuminate\Http\Request))
#28 /srv/http/nustacks/vendor/compiled.php(9019): Illuminate\Cookie\Middleware\AddQueuedCookiesToResponse->handle(Object(Illuminate\Http\Request), Object(Closure))
#29 /srv/http/nustacks/vendor/compiled.php(11826): Illuminate\Pipeline\Pipeline->Illuminate\Pipeline\{closure}(Object(Illuminate\Http\Request))
#30 /srv/http/nustacks/vendor/compiled.php(9019): Illuminate\Cookie\Middleware\EncryptCookies->handle(Object(Illuminate\Http\Request), Object(Closure))
#31 /srv/http/nustacks/vendor/compiled.php(2524): Illuminate\Pipeline\Pipeline->Illuminate\Pipeline\{closure}(Object(Illuminate\Http\Request))
#32 /srv/http/nustacks/vendor/compiled.php(9019): Illuminate\Foundation\Http\Middleware\CheckForMaintenanceMode->handle(Object(Illuminate\Http\Request), Object(Closure))
#33 [internal function]: Illuminate\Pipeline\Pipeline->Illuminate\Pipeline\{closure}(Object(Illuminate\Http\Request))
#34 /srv/http/nustacks/vendor/compiled.php(9010): call_user_func(Object(Closure), Object(Illuminate\Http\Request))
#35 /srv/http/nustacks/vendor/compiled.php(1937): Illuminate\Pipeline\Pipeline->then(Object(Closure))
#36 /srv/http/nustacks/vendor/compiled.php(1924): Illuminate\Foundation\Http\Kernel->sendRequestThroughRouter(Object(Illuminate\Http\Request))
#37 /srv/http/nustacks/public/index.php(53): Illuminate\Foundation\Http\Kernel->handle(Object(Illuminate\Http\Request))
#38 {main}

Next exception 'ErrorException' with message 'Undefined variable: status (View: /srv/http/nustacks/resources/views/welcome.blade.php)' in /srv/http/nustacks/storage/framework/views/be7a66427940c35f97a95c13d0ec649b:61
Stack trace:
#0 /srv/http/nustacks/vendor/compiled.php(13740): Illuminate\View\Engines\CompilerEngine->handleViewException(Object(ErrorException), 1)
#1 /srv/http/nustacks/vendor/compiled.php(13771): Illuminate\View\Engines\PhpEngine->evaluatePath('/srv/http/nusta...', Array)
#2 /srv/http/nustacks/vendor/compiled.php(13611): Illuminate\View\Engines\CompilerEngine->get('/srv/http/nusta...', Array)
#3 /srv/http/nustacks/vendor/compiled.php(13598): Illuminate\View\View->getContents()
#4 /srv/http/nustacks/vendor/compiled.php(13589): Illuminate\View\View->renderContents()
#5 /srv/http/nustacks/vendor/compiled.php(14684): Illuminate\View\View->render()
#6 /srv/http/nustacks/vendor/compiled.php(14213): Illuminate\Http\Response->setContent(Object(Illuminate\View\View))
#7 /srv/http/nustacks/vendor/compiled.php(7216): Symfony\Component\HttpFoundation\Response->__construct(Object(Illuminate\View\View))
#8 /srv/http/nustacks/vendor/compiled.php(7016): Illuminate\Routing\Router->prepareResponse(Object(Illuminate\Http\Request), Object(Illuminate\View\View))
#9 [internal function]: Illuminate\Routing\Router->Illuminate\Routing\{closure}(Object(Illuminate\Http\Request))
#10 /srv/http/nustacks/vendor/compiled.php(9027): call_user_func(Object(Closure), Object(Illuminate\Http\Request))
#11 [internal function]: Illuminate\Pipeline\Pipeline->Illuminate\Pipeline\{closure}(Object(Illuminate\Http\Request))
#12 /srv/http/nustacks/vendor/compiled.php(9010): call_user_func(Object(Closure), Object(Illuminate\Http\Request))
#13 /srv/http/nustacks/vendor/compiled.php(7017): Illuminate\Pipeline\Pipeline->then(Object(Closure))
#14 /srv/http/nustacks/vendor/compiled.php(7006): Illuminate\Routing\Router->runRouteWithinStack(Object(Illuminate\Routing\Route), Object(Illuminate\Http\Request))
#15 /srv/http/nustacks/vendor/compiled.php(6991): Illuminate\Routing\Router->dispatchToRoute(Object(Illuminate\Http\Request))
#16 /srv/http/nustacks/vendor/compiled.php(1981): Illuminate\Routing\Router->dispatch(Object(Illuminate\Http\Request))
#17 [internal function]: Illuminate\Foundation\Http\Kernel->Illuminate\Foundation\Http\{closure}(Object(Illuminate\Http\Request))
#18 /srv/http/nustacks/vendor/compiled.php(9027): call_user_func(Object(Closure), Object(Illuminate\Http\Request))
#19 /srv/http/nustacks/vendor/compiled.php(2484): Illuminate\Pipeline\Pipeline->Illuminate\Pipeline\{closure}(Object(Illuminate\Http\Request))
#20 /srv/http/nustacks/app/Http/Middleware/VerifyCsrfToken.php(17): Illuminate\Foundation\Http\Middleware\VerifyCsrfToken->handle(Object(Illuminate\Http\Request), Object(Closure))
#21 /srv/http/nustacks/vendor/compiled.php(9019): App\Http\Middleware\VerifyCsrfToken->handle(Object(Illuminate\Http\Request), Object(Closure))
#22 /srv/http/nustacks/vendor/compiled.php(12171): Illuminate\Pipeline\Pipeline->Illuminate\Pipeline\{closure}(Object(Illuminate\Http\Request))
#23 /srv/http/nustacks/vendor/compiled.php(9019): Illuminate\View\Middleware\ShareErrorsFromSession->handle(Object(Illuminate\Http\Request), Object(Closure))
#24 /srv/http/nustacks/vendor/compiled.php(10873): Illuminate\Pipeline\Pipeline->Illuminate\Pipeline\{closure}(Object(Illuminate\Http\Request))
#25 /srv/http/nustacks/vendor/compiled.php(9019): Illuminate\Session\Middleware\StartSession->handle(Object(Illuminate\Http\Request), Object(Closure))
#26 /srv/http/nustacks/vendor/compiled.php(11877): Illuminate\Pipeline\Pipeline->Illuminate\Pipeline\{closure}(Object(Illuminate\Http\Request))
#27 /srv/http/nustacks/vendor/compiled.php(9019): Illuminate\Cookie\Middleware\AddQueuedCookiesToResponse->handle(Object(Illuminate\Http\Request), Object(Closure))
#28 /srv/http/nustacks/vendor/compiled.php(11826): Illuminate\Pipeline\Pipeline->Illuminate\Pipeline\{closure}(Object(Illuminate\Http\Request))
#29 /srv/http/nustacks/vendor/compiled.php(9019): Illuminate\Cookie\Middleware\EncryptCookies->handle(Object(Illuminate\Http\Request), Object(Closure))
#30 /srv/http/nustacks/vendor/compiled.php(2524): Illuminate\Pipeline\Pipeline->Illuminate\Pipeline\{closure}(Object(Illuminate\Http\Request))
#31 /srv/http/nustacks/vendor/compiled.php(9019): Illuminate\Foundation\Http\Middleware\CheckForMaintenanceMode->handle(Object(Illuminate\Http\Request), Object(Closure))
#32 [internal function]: Illuminate\Pipeline\Pipeline->Illuminate\Pipeline\{closure}(Object(Illuminate\Http\Request))
#33 /srv/http/nustacks/vendor/compiled.php(9010): call_user_func(Object(Closure), Object(Illuminate\Http\Request))
#34 /srv/http/nustacks/vendor/compiled.php(1937): Illuminate\Pipeline\Pipeline->then(Object(Closure))
#35 /srv/http/nustacks/vendor/compiled.php(1924): Illuminate\Foundation\Http\Kernel->sendRequestThroughRouter(Object(Illuminate\Http\Request))
#36 /srv/http/nustacks/public/index.php(53): Illuminate\Foundation\Http\Kernel->handle(Object(Illuminate\Http\Request))
#37 {main}  
